1759573889,staff1,Logged in,Successfully Login
1759573903,staff1,Logged out,User logged out
1759575899,staff1,Logged in,Successfully Login
1759575929,staff1,Logged out,User logged out
1759579520,staff1,Logged in,Successfully Login
1759579566,staff1,Logged in,Successfully Login
1759579634,staff1,Logged in,Successfully Login
1759580032,staff1,Logged in,Successfully Login
1759580085,staff1,Logged out,User logged out
1759580134,staff1,Logged in,Successfully Login
1759580209,staff1,Logged out,User logged out
1759580337,staff1,Logged in,Successfully Login
1759580463,staff1,Logged in,Successfully Login
1759580611,staff1,Logged out,User logged out
1759580681,staff1,Logged in,Successfully Login
1759580710,staff1,Logged out,User logged out
1759580763,staff1,Logged in,Successfully Login
1759580797,staff1,Logged out,User logged out
1759583795,staff1,Logged in,Successfully Login
1759583825,staff1,Logged out,User logged out
1759583838,staff1,Logged in,Successfully Login
1759583844,staff1,Logged out,User logged out
1759583926,staff1,Logged in,Successfully Login
1759584014,,Logged out,User logged out
1759584518,staff1,Logged in,Successfully Login
1759584528,,Logged out,User logged out
1759584982,staff1,Logged in,Successfully Login
1759585032,,Logged out,User logged out
1759589215,admin1,Logged in,Successfully Login
1759589478,admin,Add Product,Added product ID: O29
1759589612,,Logged out,User logged out
1759589886,staff1,Logged in,Successfully Login
1759589935,,Logged out,User logged out
